<?xml version="1.0" encoding="UTF-8"?>
<testsuite xmlns:xsi="http://www.w3.org/2001/XMLSchema-instance" xsi:noNamespaceSchemaLocation="https://maven.apache.org/surefire/maven-surefire-plugin/xsd/surefire-test-report-3.0.xsd" version="3.0" name="org.deeplearning4j.examples.QuickTest" time="492.499" tests="1" errors="0" skipped="0" failures="0">
  <properties>
[...]
</properties>
  <testcase name="test" classname="org.deeplearning4j.examples.QuickTest" time="492.432">
    <system-out><![CDATA[Beginning LenetMNIST
14:58:25,339 |-INFO in ch.qos.logback.classic.LoggerContext[default] - Could NOT find resource [logback.groovy]
14:58:25,341 |-INFO in ch.qos.logback.classic.LoggerContext[default] - Could NOT find resource [logback-test.xml]
14:58:25,341 |-INFO in ch.qos.logback.classic.LoggerContext[default] - Found resource [logback.xml] at [file:/C:/Users/Sugar/Desktop/Dl4j%20Custom%20Models/target/test-classes/logback.xml]
14:58:25,343 |-WARN in ch.qos.logback.classic.LoggerContext[default] - Resource [logback.xml] occurs multiple times on the classpath.
14:58:25,343 |-WARN in ch.qos.logback.classic.LoggerContext[default] - Resource [logback.xml] occurs at [file:/C:/Users/Sugar/Desktop/Dl4j%20Custom%20Models/target/test-classes/logback.xml]
14:58:25,343 |-WARN in ch.qos.logback.classic.LoggerContext[default] - Resource [logback.xml] occurs at [file:/C:/Users/Sugar/Desktop/Dl4j%20Custom%20Models/target/classes/logback.xml]
14:58:25,701 |-INFO in ch.qos.logback.classic.joran.action.ConfigurationAction - debug attribute not set
14:58:26,476 |-INFO in ch.qos.logback.core.joran.action.AppenderAction - About to instantiate appender of type [ch.qos.logback.core.FileAppender]
14:58:26,498 |-INFO in ch.qos.logback.core.joran.action.AppenderAction - Naming appender as [FILE]
14:58:26,531 |-INFO in ch.qos.logback.core.joran.action.NestedComplexPropertyIA - Assuming default type [ch.qos.logback.classic.encoder.PatternLayoutEncoder] for [encoder] property
14:58:26,599 |-INFO in ch.qos.logback.core.FileAppender[FILE] - File property is set to [logs/application.log]
14:58:26,602 |-INFO in ch.qos.logback.core.joran.action.AppenderAction - About to instantiate appender of type [ch.qos.logback.core.ConsoleAppender]
14:58:26,606 |-INFO in ch.qos.logback.core.joran.action.AppenderAction - Naming appender as [STDOUT]
14:58:26,607 |-INFO in ch.qos.logback.core.joran.action.NestedComplexPropertyIA - Assuming default type [ch.qos.logback.classic.encoder.PatternLayoutEncoder] for [encoder] property
14:58:26,616 |-INFO in ch.qos.logback.classic.joran.action.LoggerAction - Setting level of logger [org.apache.catalina.core] to DEBUG
14:58:26,616 |-INFO in ch.qos.logback.classic.joran.action.LoggerAction - Setting level of logger [org.springframework] to DEBUG
14:58:26,616 |-INFO in ch.qos.logback.classic.joran.action.LoggerAction - Setting level of logger [org.deeplearning4j] to INFO
14:58:26,616 |-INFO in ch.qos.logback.classic.joran.action.LoggerAction - Setting level of logger [org.canova] to INFO
14:58:26,616 |-INFO in ch.qos.logback.classic.joran.action.LoggerAction - Setting level of logger [org.datavec] to INFO
14:58:26,616 |-INFO in ch.qos.logback.classic.joran.action.LoggerAction - Setting level of logger [org.nd4j] to INFO
14:58:26,616 |-INFO in ch.qos.logback.classic.joran.action.LoggerAction - Setting level of logger [opennlp.uima.util] to OFF
14:58:26,617 |-INFO in ch.qos.logback.classic.joran.action.LoggerAction - Setting level of logger [org.apache.uima] to OFF
14:58:26,617 |-INFO in ch.qos.logback.classic.joran.action.LoggerAction - Setting level of logger [org.cleartk] to OFF
14:58:26,617 |-INFO in ch.qos.logback.classic.joran.action.RootLoggerAction - Setting level of ROOT logger to ERROR
14:58:26,617 |-INFO in ch.qos.logback.core.joran.action.AppenderRefAction - Attaching appender named [STDOUT] to Logger[ROOT]
14:58:26,618 |-INFO in ch.qos.logback.core.joran.action.AppenderRefAction - Attaching appender named [FILE] to Logger[ROOT]
14:58:26,618 |-INFO in ch.qos.logback.classic.joran.action.ConfigurationAction - End of configuration.
14:58:26,620 |-INFO in ch.qos.logback.classic.joran.JoranConfigurator@1e13529a - Registering current configuration as safe fallback point

o.d.e.q.m.c.LeNetMNIST - Load data....
o.d.e.q.m.c.LeNetMNIST - Build model....
o.n.l.f.Nd4jBackend - Loaded [CpuBackend] backend
o.n.n.NativeOpsHolder - Number of threads used for linear algebra: 2
o.n.l.c.n.CpuNDArrayFactory - Binary level Generic x86 optimization level AVX/AVX2
o.n.n.Nd4jBlas - Number of threads used for OpenMP BLAS: 2
o.n.l.a.o.e.DefaultOpExecutioner - Backend used: [CPU]; OS: [Windows 10]
o.n.l.a.o.e.DefaultOpExecutioner - Cores: [4]; Memory: [2.0GB];
o.n.l.a.o.e.DefaultOpExecutioner - Blas vendor: [OPENBLAS]
o.n.l.c.n.CpuBackend - Backend build information:
 GCC: "12.1.0"
STD version: 201103L
DEFAULT_ENGINE: samediff::ENGINE_CPU
HAVE_FLATBUFFERS
HAVE_OPENBLAS
o.d.n.m.MultiLayerNetwork - Starting MultiLayerNetwork with WorkspaceModes set to [training: ENABLED; inference: ENABLED], cacheMode set to [NONE]
o.d.e.q.m.c.LeNetMNIST - Train model...
o.d.o.l.ScoreIterationListener - Score at iteration 0 is 2.4743127003263425
o.d.o.l.ScoreIterationListener - Score at iteration 10 is 1.1818001700726937
o.d.o.l.ScoreIterationListener - Score at iteration 20 is 0.5705550419125658
o.d.o.l.ScoreIterationListener - Score at iteration 30 is 0.6281948040539215
o.d.o.l.ScoreIterationListener - Score at iteration 40 is 0.42112339130601983
o.d.o.l.ScoreIterationListener - Score at iteration 50 is 0.4008072373337567
o.d.o.l.ScoreIterationListener - Score at iteration 60 is 0.521642987537145
o.d.o.l.ScoreIterationListener - Score at iteration 70 is 0.46064624778464014
o.d.o.l.ScoreIterationListener - Score at iteration 80 is 0.3794540745274056
o.d.o.l.ScoreIterationListener - Score at iteration 90 is 0.2886408863703044
o.d.o.l.ScoreIterationListener - Score at iteration 100 is 0.47475761895645163
o.d.o.l.ScoreIterationListener - Score at iteration 110 is 0.29471203852366024
o.d.o.l.ScoreIterationListener - Score at iteration 120 is 0.1821895358506583
o.d.o.l.ScoreIterationListener - Score at iteration 130 is 0.396082551504921
o.d.o.l.ScoreIterationListener - Score at iteration 140 is 0.3171356455715383
o.d.o.l.ScoreIterationListener - Score at iteration 150 is 0.30657832882355535
o.d.o.l.ScoreIterationListener - Score at iteration 160 is 0.3273515570396873
o.d.o.l.ScoreIterationListener - Score at iteration 170 is 0.2575661724295517
o.d.o.l.ScoreIterationListener - Score at iteration 180 is 0.3081295368977359
o.d.o.l.ScoreIterationListener - Score at iteration 190 is 0.20516673014374956
o.d.o.l.ScoreIterationListener - Score at iteration 200 is 0.2298068003239813
o.d.o.l.ScoreIterationListener - Score at iteration 210 is 0.19564565251353358
o.d.o.l.ScoreIterationListener - Score at iteration 220 is 0.2873438977266717
o.d.o.l.ScoreIterationListener - Score at iteration 230 is 0.2848802262605582
o.d.o.l.ScoreIterationListener - Score at iteration 240 is 0.2109639743462076
o.d.o.l.ScoreIterationListener - Score at iteration 250 is 0.3317752017082011
o.d.o.l.ScoreIterationListener - Score at iteration 260 is 0.2583050401062571
o.d.o.l.ScoreIterationListener - Score at iteration 270 is 0.19652585432267558
o.d.o.l.ScoreIterationListener - Score at iteration 280 is 0.46063630041079817
o.d.o.l.ScoreIterationListener - Score at iteration 290 is 0.23506193152031468
o.d.o.l.ScoreIterationListener - Score at iteration 300 is 0.21830751927491207
o.d.o.l.ScoreIterationListener - Score at iteration 310 is 0.3053714385036185
o.d.o.l.ScoreIterationListener - Score at iteration 320 is 0.17274627587866354
o.d.o.l.ScoreIterationListener - Score at iteration 330 is 0.25089380308729947
o.d.o.l.ScoreIterationListener - Score at iteration 340 is 0.19034705634911903
o.d.o.l.ScoreIterationListener - Score at iteration 350 is 0.27282921900492035
o.d.o.l.ScoreIterationListener - Score at iteration 360 is 0.35169624672285593
o.d.o.l.ScoreIterationListener - Score at iteration 370 is 0.2965748684728735
o.d.o.l.ScoreIterationListener - Score at iteration 380 is 0.1559621048726946
o.d.o.l.ScoreIterationListener - Score at iteration 390 is 0.19423972047476623
o.d.o.l.ScoreIterationListener - Score at iteration 400 is 0.23076511497255428
o.d.o.l.ScoreIterationListener - Score at iteration 410 is 0.30295429189203915
o.d.o.l.ScoreIterationListener - Score at iteration 420 is 0.2926355891412895
o.d.o.l.ScoreIterationListener - Score at iteration 430 is 0.1762831411759116
o.d.o.l.ScoreIterationListener - Score at iteration 440 is 0.325490255542369
o.d.o.l.ScoreIterationListener - Score at iteration 450 is 0.15105037982118036
o.d.o.l.ScoreIterationListener - Score at iteration 460 is 0.13206266368511427
o.d.o.l.ScoreIterationListener - Score at iteration 470 is 0.1589246523691276
o.d.o.l.ScoreIterationListener - Score at iteration 480 is 0.2270637394567935
o.d.o.l.ScoreIterationListener - Score at iteration 490 is 0.14170925943466706
o.d.o.l.ScoreIterationListener - Score at iteration 500 is 0.18385454045222457
o.d.o.l.ScoreIterationListener - Score at iteration 510 is 0.2963173291247846
o.d.o.l.ScoreIterationListener - Score at iteration 520 is 0.14212562553743593
o.d.o.l.ScoreIterationListener - Score at iteration 530 is 0.2512437864563486
o.d.o.l.ScoreIterationListener - Score at iteration 540 is 0.18207865546706797
o.d.o.l.ScoreIterationListener - Score at iteration 550 is 0.1853724774495036
o.d.o.l.ScoreIterationListener - Score at iteration 560 is 0.16240343069381585
o.d.o.l.ScoreIterationListener - Score at iteration 570 is 0.1520643562169646
o.d.o.l.ScoreIterationListener - Score at iteration 580 is 0.1388689442506246
o.d.o.l.ScoreIterationListener - Score at iteration 590 is 0.1623912680335875
o.d.o.l.ScoreIterationListener - Score at iteration 600 is 0.19018051619944296
o.d.o.l.ScoreIterationListener - Score at iteration 610 is 0.20020373444926226
o.d.o.l.ScoreIterationListener - Score at iteration 620 is 0.20351901178844106
o.d.o.l.ScoreIterationListener - Score at iteration 630 is 0.12338545304422294
o.d.o.l.ScoreIterationListener - Score at iteration 640 is 0.14609381043657205
o.d.o.l.ScoreIterationListener - Score at iteration 650 is 0.23951450919263312
o.d.o.l.ScoreIterationListener - Score at iteration 660 is 0.2395283189692568
o.d.o.l.ScoreIterationListener - Score at iteration 670 is 0.22674012850819372
o.d.o.l.ScoreIterationListener - Score at iteration 680 is 0.17649706982734809
o.d.o.l.ScoreIterationListener - Score at iteration 690 is 0.11814228368050161
o.d.o.l.ScoreIterationListener - Score at iteration 700 is 0.11916142312965299
o.d.o.l.ScoreIterationListener - Score at iteration 710 is 0.11158146746807013
o.d.o.l.ScoreIterationListener - Score at iteration 720 is 0.12067824802073102
o.d.o.l.ScoreIterationListener - Score at iteration 730 is 0.13296024256886835
o.d.o.l.ScoreIterationListener - Score at iteration 740 is 0.27281335392755335
o.d.o.l.ScoreIterationListener - Score at iteration 750 is 0.13224379189789703
o.d.o.l.ScoreIterationListener - Score at iteration 760 is 0.17673956929188556
o.d.o.l.ScoreIterationListener - Score at iteration 770 is 0.14116731178880998
o.d.o.l.ScoreIterationListener - Score at iteration 780 is 0.11191434091309252
o.d.o.l.ScoreIterationListener - Score at iteration 790 is 0.12093376234970225
o.d.o.l.ScoreIterationListener - Score at iteration 800 is 0.1434023069100589
o.d.o.l.ScoreIterationListener - Score at iteration 810 is 0.10979466489433122
o.d.o.l.ScoreIterationListener - Score at iteration 820 is 0.17123422485568404
o.d.o.l.ScoreIterationListener - Score at iteration 830 is 0.12361357915607596
o.d.o.l.ScoreIterationListener - Score at iteration 840 is 0.1455273067507986
o.d.o.l.ScoreIterationListener - Score at iteration 850 is 0.22357152334269687
o.d.o.l.ScoreIterationListener - Score at iteration 860 is 0.16146065106296953
o.d.o.l.ScoreIterationListener - Score at iteration 870 is 0.14652077747909376
o.d.o.l.ScoreIterationListener - Score at iteration 880 is 0.10596656532206136
o.d.o.l.ScoreIterationListener - Score at iteration 890 is 0.15194581309896116
o.d.o.l.ScoreIterationListener - Score at iteration 900 is 0.17741465532236278
o.d.o.l.ScoreIterationListener - Score at iteration 910 is 0.09349311352239074
o.d.o.l.ScoreIterationListener - Score at iteration 920 is 0.23472310540578442
o.d.o.l.ScoreIterationListener - Score at iteration 930 is 0.14197641836477137
o.d.o.l.EvaluativeListener - Starting evaluation nr. 1
o.d.o.l.EvaluativeListener - Reporting evaluation results:
o.d.o.l.EvaluativeListener - Evaluation:


========================Evaluation Metrics========================
 # of classes:    10
 Accuracy:        0.9857
 Precision:       0.9859
 Recall:          0.9854
 F1 Score:        0.9856
Precision, recall & F1: macro-averaged (equally weighted avg. of 10 classes)


=========================Confusion Matrix=========================
    0    1    2    3    4    5    6    7    8    9
---------------------------------------------------
  969    0    2    0    0    0    4    2    2    1 | 0 = 0
    0 1129    2    0    0    1    2    1    0    0 | 1 = 1
    1    0 1026    0    0    0    0    4    1    0 | 2 = 2
    0    0    5 1003    0    0    0    1    1    0 | 3 = 3
    0    0    1    0  974    0    1    0    0    6 | 4 = 4
    2    0    1   20    0  865    1    2    1    0 | 5 = 5
    3    1    1    0    4    2  944    0    3    0 | 6 = 6
    1    2    8    4    2    0    0 1007    0    4 | 7 = 7
    1    0    5    4    2    3    0    1  950    8 | 8 = 8
    0    2    0    8    6    0    0    3    0  990 | 9 = 9

Confusion matrix format: Actual (rowClass) predicted as (columnClass) N times
==================================================================
o.d.e.q.m.c.LeNetMNIST - Saving model to tmp folder: C:\Users\Sugar\AppData\Local\Temp\lenetmnist.zip
o.d.e.q.m.c.LeNetMNIST - ****************Example finished********************
Ending LenetMNIST
Beginning VaeMNISTAnomaly
]]></system-out>
  </testcase>
</testsuite>